Building DAG of jobs...
Using shell: /usr/bin/bash
Provided cores: 1 (use --cores to define parallelism)
Rules claiming more threads will be scaled down.
Conda environments: ignored
Job stats:
job            count    min threads    max threads
-----------  -------  -------------  -------------
preassembly        1              1              1
total              1              1              1

Select jobs to execute...

[Sat May 20 14:13:59 2023]
rule preassembly:
    jobid: 0
    reason: Rules with neither input nor output files are always executed.
    resources: tmpdir=/tmp

[Sat May 20 14:13:59 2023]
Error in rule preassembly:
    jobid: 0
    conda-env: /home/pallavi/git_repositories/M_hapla/Assembly/.snakemake/conda/9e87b8b35f50669dd46ad8f078054180_
    shell:
        
        jellyfish count -C -m 21 -s 5400000 -t 8 m64069_220815_155249.hifi_reads.fasta -o reads.jf
        jellyfish histo -t 8 reads.jf > reads.histo
    
        (one of the commands exited with non-zero exit code; note that snakemake uses bash strict mode!)

Shutting down, this might take some time.
Exiting because a job execution failed. Look above for error message
Complete log: .snakemake/log/2023-05-20T141359.398503.snakemake.log
